{
  "RSpec": {
    "coverage": {
      "/home/zia/Dokumen/28labs/cekantrian/app/helpers/application_helper.rb": [
        1,
        null
      ],
      "/home/zia/Dokumen/28labs/cekantrian/app/helpers/home_helper.rb": [
        1,
        null
      ],
      "/home/zia/Dokumen/28labs/cekantrian/app/models/channel.rb": [
        1,
        1,
        3,
        null,
        null,
        1,
        3,
        null,
        null,
        1,
        3,
        null,
        null,
        1,
        2,
        null,
        null,
        1,
        0,
        null,
        null,
        1,
        null,
        null,
        null
      ],
      "/home/zia/Dokumen/28labs/cekantrian/app/controllers/home_controller.rb": [
        0,
        0,
        0,
        0,
        0,
        0,
        0
      ],
      "/home/zia/Dokumen/28labs/cekantrian/app/controllers/application_controller.rb": [
        0,
        0,
        0,
        0,
        0
      ]
    },
    "timestamp": 1451495630
  }
}
